This is the log from executing program REPORTA.
 
The source code was modified to set variable debug1 = 1
 by modifying the assignment statement debug1 = 0.
 
FEATURE_CLAIMED rows were:
   P345
   P415
BINDING_CLAIMED row was:
   PC
 
This combination was chosen because it is fairly compact.
Contact NIST for logs of other combinations, if necessary.
 
------------------------------------------------------------------

SQL Test Suite, V6.0, Embedded C, reporta.pc
NIST SQL Test Suite Test Bed
TEd Version 5.1 5/17/95

 Time Run:  Mon Dec 30 15:54:23 1996

These are the profiles and bindings to be tested:
P345 PC  Sizing Tests - Intermediate     
P415 PC  Optional/Informational Tests    
2 claim(s) selected

REPORTA step 1:  Check to make sure that each test number
                 is linked to the reporting structure;
                 i.e., that each TESTCASE row has at
                 least one TESTFEATURE row.

REPORTA step 2:  Derive all features to be tested.
Table F_REQ with individual features claimed:


F_REQ Listing
0 rows selected


Table F_TEMP with profiles claimed:


F_TEMP Listing
C1=P345, P1=P345, F1=P345, LVL=1
C1=P415, P1=P415, F1=P415, LVL=1
2 rows selected


Table FEATURE_CLAIMED is empty!
User MUST specify profiles to test by
 inserting value(s) into table FEATURE_CLAIMED.
Table F_REQ after 1 recursion(s)


F_REQ Listing
C1=P345, P1=P345, F1=0SZI, LVL=1
C1=P345, P1=P345, F1=P335, LVL=1
C1=P415, P1=P415, F1=P405, LVL=1
C1=P415, P1=P415, F1=P410, LVL=1
4 rows selected


Table F_TEMP after 1 recursion(s)
Table F_TEMP should be empty


F_TEMP Listing
0 rows selected


Table F_REQ with features derived at this point:


F_REQ Listing
C1=P345, P1=P345, F1=0SZI, LVL=1
1 rows selected


Table F_TEMP with profiles for next recursion:


F_TEMP Listing
C1=P345, P1=P335, F1=P335, LVL=2
C1=P345, P1=P345, F1=P335, LVL=1
C1=P415, P1=P405, F1=P405, LVL=2
C1=P415, P1=P410, F1=P410, LVL=2
C1=P415, P1=P415, F1=P405, LVL=1
C1=P415, P1=P415, F1=P410, LVL=1
6 rows selected


Table F_REQ after 2 recursion(s)


F_REQ Listing
C1=P345, P1=P335, F1=0SZT, LVL=2
C1=P345, P1=P335, F1=P325, LVL=2
C1=P345, P1=P345, F1=0SZI, LVL=1
C1=P345, P1=P345, F1=0SZT, LVL=1
C1=P345, P1=P345, F1=P325, LVL=1
C1=P415, P1=P405, F1=0CFL, LVL=2
C1=P415, P1=P410, F1=0INF, LVL=2
C1=P415, P1=P415, F1=0CFL, LVL=1
C1=P415, P1=P415, F1=0INF, LVL=1
9 rows selected


Table F_TEMP after 2 recursion(s)
Table F_TEMP should be empty


F_TEMP Listing
0 rows selected


Table F_REQ with features derived at this point:


F_REQ Listing
C1=P345, P1=P335, F1=0SZT, LVL=2
C1=P345, P1=P345, F1=0SZI, LVL=1
C1=P345, P1=P345, F1=0SZT, LVL=1
C1=P415, P1=P405, F1=0CFL, LVL=2
C1=P415, P1=P410, F1=0INF, LVL=2
C1=P415, P1=P415, F1=0CFL, LVL=1
C1=P415, P1=P415, F1=0INF, LVL=1
7 rows selected


Table F_TEMP with profiles for next recursion:


F_TEMP Listing
C1=P345, P1=P325, F1=P325, LVL=3
C1=P345, P1=P325, F1=P325, LVL=2
C1=P345, P1=P335, F1=P325, LVL=2
C1=P345, P1=P345, F1=P325, LVL=1
4 rows selected


Table F_REQ after 3 recursion(s)


F_REQ Listing
C1=P345, P1=P325, F1=0FSZ, LVL=2
C1=P345, P1=P325, F1=0FSZ, LVL=3
C1=P345, P1=P325, F1=0SZE, LVL=2
C1=P345, P1=P325, F1=0SZE, LVL=3
C1=P345, P1=P335, F1=0FSZ, LVL=2
C1=P345, P1=P335, F1=0SZE, LVL=2
C1=P345, P1=P335, F1=0SZT, LVL=2
C1=P345, P1=P345, F1=0FSZ, LVL=1
C1=P345, P1=P345, F1=0SZE, LVL=1
C1=P345, P1=P345, F1=0SZI, LVL=1
C1=P345, P1=P345, F1=0SZT, LVL=1
C1=P415, P1=P405, F1=0CFL, LVL=2
C1=P415, P1=P410, F1=0INF, LVL=2
C1=P415, P1=P415, F1=0CFL, LVL=1
C1=P415, P1=P415, F1=0INF, LVL=1
15 rows selected


Table F_TEMP after 3 recursion(s)
Table F_TEMP should be empty


F_TEMP Listing
0 rows selected


Table F_REQ with features derived at this point:


F_REQ Listing
C1=P345, P1=P325, F1=0FSZ, LVL=2
C1=P345, P1=P325, F1=0FSZ, LVL=3
C1=P345, P1=P325, F1=0SZE, LVL=2
C1=P345, P1=P325, F1=0SZE, LVL=3
C1=P345, P1=P335, F1=0FSZ, LVL=2
C1=P345, P1=P335, F1=0SZE, LVL=2
C1=P345, P1=P335, F1=0SZT, LVL=2
C1=P345, P1=P345, F1=0FSZ, LVL=1
C1=P345, P1=P345, F1=0SZE, LVL=1
C1=P345, P1=P345, F1=0SZI, LVL=1
C1=P345, P1=P345, F1=0SZT, LVL=1
C1=P415, P1=P405, F1=0CFL, LVL=2
C1=P415, P1=P410, F1=0INF, LVL=2
C1=P415, P1=P415, F1=0CFL, LVL=1
C1=P415, P1=P415, F1=0INF, LVL=1
15 rows selected


Table F_TEMP with profiles for next recursion:


F_TEMP Listing
0 rows selected


Recursion exhausted after 3 passes.

REPORTA step 3:  Determine which tests are required.
Table R_STRUCTURE with all related tests:


R_STRUCTURE Listing
C1=P345, P1=P325, TESTNO=0011, LVL=2
C1=P345, P1=P325, TESTNO=0011, LVL=3
C1=P345, P1=P325, TESTNO=0213, LVL=2
C1=P345, P1=P325, TESTNO=0213, LVL=3
C1=P345, P1=P325, TESTNO=0214, LVL=2
C1=P345, P1=P325, TESTNO=0214, LVL=3
C1=P345, P1=P325, TESTNO=0215, LVL=2
C1=P345, P1=P325, TESTNO=0215, LVL=3
C1=P345, P1=P325, TESTNO=0216, LVL=3
C1=P345, P1=P325, TESTNO=0216, LVL=2
C1=P345, P1=P325, TESTNO=0218, LVL=3
C1=P345, P1=P325, TESTNO=0218, LVL=2
C1=P345, P1=P325, TESTNO=0219, LVL=3
C1=P345, P1=P325, TESTNO=0219, LVL=2
C1=P345, P1=P325, TESTNO=0220, LVL=3
C1=P345, P1=P325, TESTNO=0220, LVL=2
C1=P345, P1=P325, TESTNO=0221, LVL=3
C1=P345, P1=P325, TESTNO=0221, LVL=2
C1=P345, P1=P325, TESTNO=0222, LVL=3
C1=P345, P1=P325, TESTNO=0222, LVL=2
C1=P345, P1=P325, TESTNO=0224, LVL=3
C1=P345, P1=P325, TESTNO=0224, LVL=2
C1=P345, P1=P325, TESTNO=0225, LVL=3
C1=P345, P1=P325, TESTNO=0225, LVL=2
C1=P345, P1=P325, TESTNO=0226, LVL=2
C1=P345, P1=P325, TESTNO=0226, LVL=3
C1=P345, P1=P325, TESTNO=0243, LVL=2
C1=P345, P1=P325, TESTNO=0243, LVL=3
C1=P345, P1=P325, TESTNO=0244, LVL=3
C1=P345, P1=P325, TESTNO=0244, LVL=2
C1=P345, P1=P325, TESTNO=0245, LVL=3
C1=P345, P1=P325, TESTNO=0245, LVL=2
C1=P345, P1=P325, TESTNO=0246, LVL=2
C1=P345, P1=P325, TESTNO=0246, LVL=3
C1=P345, P1=P325, TESTNO=0247, LVL=3
C1=P345, P1=P325, TESTNO=0247, LVL=2
C1=P345, P1=P325, TESTNO=0248, LVL=3
C1=P345, P1=P325, TESTNO=0248, LVL=2
C1=P345, P1=P325, TESTNO=0249, LVL=2
C1=P345, P1=P325, TESTNO=0249, LVL=3
C1=P345, P1=P325, TESTNO=0250, LVL=3
C1=P345, P1=P325, TESTNO=0250, LVL=2
C1=P345, P1=P325, TESTNO=0347, LVL=2
C1=P345, P1=P325, TESTNO=0347, LVL=3
C1=P345, P1=P325, TESTNO=0348, LVL=3
C1=P345, P1=P325, TESTNO=0348, LVL=2
C1=P345, P1=P325, TESTNO=0349, LVL=2
C1=P345, P1=P325, TESTNO=0349, LVL=3
C1=P345, P1=P325, TESTNO=0350, LVL=2
C1=P345, P1=P325, TESTNO=0350, LVL=3
C1=P345, P1=P325, TESTNO=0351, LVL=3
C1=P345, P1=P325, TESTNO=0351, LVL=2
C1=P345, P1=P325, TESTNO=0352, LVL=3
C1=P345, P1=P325, TESTNO=0352, LVL=2
C1=P345, P1=P325, TESTNO=0353, LVL=2
C1=P345, P1=P325, TESTNO=0353, LVL=3
C1=P345, P1=P325, TESTNO=0354, LVL=3
C1=P345, P1=P325, TESTNO=0354, LVL=2
C1=P345, P1=P325, TESTNO=0355, LVL=3
C1=P345, P1=P325, TESTNO=0355, LVL=2
C1=P345, P1=P325, TESTNO=0356, LVL=2
C1=P345, P1=P325, TESTNO=0356, LVL=3
C1=P345, P1=P325, TESTNO=0357, LVL=3
C1=P345, P1=P325, TESTNO=0357, LVL=2
C1=P345, P1=P325, TESTNO=0358, LVL=3
C1=P345, P1=P325, TESTNO=0358, LVL=2
C1=P345, P1=P325, TESTNO=0359, LVL=3
C1=P345, P1=P325, TESTNO=0359, LVL=2
C1=P345, P1=P325, TESTNO=0360, LVL=3
C1=P345, P1=P325, TESTNO=0360, LVL=2
C1=P345, P1=P325, TESTNO=0361, LVL=3
C1=P345, P1=P325, TESTNO=0361, LVL=2
C1=P345, P1=P325, TESTNO=0362, LVL=2
C1=P345, P1=P325, TESTNO=0362, LVL=3
C1=P345, P1=P325, TESTNO=0363, LVL=3
C1=P345, P1=P325, TESTNO=0363, LVL=2
C1=P345, P1=P325, TESTNO=0364, LVL=2
C1=P345, P1=P325, TESTNO=0364, LVL=3
C1=P345, P1=P325, TESTNO=0388, LVL=3
C1=P345, P1=P325, TESTNO=0388, LVL=2
C1=P345, P1=P325, TESTNO=0515, LVL=2
C1=P345, P1=P325, TESTNO=0515, LVL=3
C1=P345, P1=P325, TESTNO=0524, LVL=2
C1=P345, P1=P325, TESTNO=0524, LVL=3
C1=P345, P1=P325, TESTNO=0525, LVL=3
C1=P345, P1=P325, TESTNO=0525, LVL=2
C1=P345, P1=P325, TESTNO=0526, LVL=3
C1=P345, P1=P325, TESTNO=0526, LVL=2
C1=P345, P1=P325, TESTNO=0536, LVL=2
C1=P345, P1=P325, TESTNO=0536, LVL=3
C1=P345, P1=P325, TESTNO=0611, LVL=3
C1=P345, P1=P325, TESTNO=0611, LVL=2
C1=P345, P1=P325, TESTNO=0612, LVL=2
C1=P345, P1=P325, TESTNO=0612, LVL=3
C1=P345, P1=P335, TESTNO=0011, LVL=2
C1=P345, P1=P335, TESTNO=0213, LVL=2
C1=P345, P1=P335, TESTNO=0214, LVL=2
C1=P345, P1=P335, TESTNO=0215, LVL=2
C1=P345, P1=P335, TESTNO=0216, LVL=2
C1=P345, P1=P335, TESTNO=0218, LVL=2
C1=P345, P1=P335, TESTNO=0219, LVL=2
C1=P345, P1=P335, TESTNO=0220, LVL=2
C1=P345, P1=P335, TESTNO=0221, LVL=2
C1=P345, P1=P335, TESTNO=0222, LVL=2
C1=P345, P1=P335, TESTNO=0224, LVL=2
C1=P345, P1=P335, TESTNO=0225, LVL=2
C1=P345, P1=P335, TESTNO=0226, LVL=2
C1=P345, P1=P335, TESTNO=0243, LVL=2
C1=P345, P1=P335, TESTNO=0244, LVL=2
C1=P345, P1=P335, TESTNO=0245, LVL=2
C1=P345, P1=P335, TESTNO=0246, LVL=2
C1=P345, P1=P335, TESTNO=0247, LVL=2
C1=P345, P1=P335, TESTNO=0248, LVL=2
C1=P345, P1=P335, TESTNO=0249, LVL=2
C1=P345, P1=P335, TESTNO=0250, LVL=2
C1=P345, P1=P335, TESTNO=0347, LVL=2
C1=P345, P1=P335, TESTNO=0348, LVL=2
C1=P345, P1=P335, TESTNO=0349, LVL=2
C1=P345, P1=P335, TESTNO=0350, LVL=2
C1=P345, P1=P335, TESTNO=0351, LVL=2
C1=P345, P1=P335, TESTNO=0352, LVL=2
C1=P345, P1=P335, TESTNO=0353, LVL=2
C1=P345, P1=P335, TESTNO=0354, LVL=2
C1=P345, P1=P335, TESTNO=0355, LVL=2
C1=P345, P1=P335, TESTNO=0356, LVL=2
C1=P345, P1=P335, TESTNO=0357, LVL=2
C1=P345, P1=P335, TESTNO=0358, LVL=2
C1=P345, P1=P335, TESTNO=0359, LVL=2
C1=P345, P1=P335, TESTNO=0360, LVL=2
C1=P345, P1=P335, TESTNO=0361, LVL=2
C1=P345, P1=P335, TESTNO=0362, LVL=2
C1=P345, P1=P335, TESTNO=0363, LVL=2
C1=P345, P1=P335, TESTNO=0364, LVL=2
C1=P345, P1=P335, TESTNO=0388, LVL=2
C1=P345, P1=P335, TESTNO=0515, LVL=2
C1=P345, P1=P335, TESTNO=0524, LVL=2
C1=P345, P1=P335, TESTNO=0525, LVL=2
C1=P345, P1=P335, TESTNO=0526, LVL=2
C1=P345, P1=P335, TESTNO=0536, LVL=2
C1=P345, P1=P335, TESTNO=0579, LVL=2
C1=P345, P1=P335, TESTNO=0580, LVL=2
C1=P345, P1=P335, TESTNO=0583, LVL=2
C1=P345, P1=P335, TESTNO=0584, LVL=2
C1=P345, P1=P335, TESTNO=0585, LVL=2
C1=P345, P1=P335, TESTNO=0586, LVL=2
C1=P345, P1=P335, TESTNO=0611, LVL=2
C1=P345, P1=P335, TESTNO=0612, LVL=2
C1=P345, P1=P345, TESTNO=0011, LVL=1
C1=P345, P1=P345, TESTNO=0213, LVL=1
C1=P345, P1=P345, TESTNO=0214, LVL=1
C1=P345, P1=P345, TESTNO=0215, LVL=1
C1=P345, P1=P345, TESTNO=0216, LVL=1
C1=P345, P1=P345, TESTNO=0218, LVL=1
C1=P345, P1=P345, TESTNO=0219, LVL=1
C1=P345, P1=P345, TESTNO=0220, LVL=1
C1=P345, P1=P345, TESTNO=0221, LVL=1
C1=P345, P1=P345, TESTNO=0222, LVL=1
C1=P345, P1=P345, TESTNO=0224, LVL=1
C1=P345, P1=P345, TESTNO=0225, LVL=1
C1=P345, P1=P345, TESTNO=0226, LVL=1
C1=P345, P1=P345, TESTNO=0243, LVL=1
C1=P345, P1=P345, TESTNO=0244, LVL=1
C1=P345, P1=P345, TESTNO=0245, LVL=1
C1=P345, P1=P345, TESTNO=0246, LVL=1
C1=P345, P1=P345, TESTNO=0247, LVL=1
C1=P345, P1=P345, TESTNO=0248, LVL=1
C1=P345, P1=P345, TESTNO=0249, LVL=1
C1=P345, P1=P345, TESTNO=0250, LVL=1
C1=P345, P1=P345, TESTNO=0347, LVL=1
C1=P345, P1=P345, TESTNO=0348, LVL=1
C1=P345, P1=P345, TESTNO=0349, LVL=1
C1=P345, P1=P345, TESTNO=0350, LVL=1
C1=P345, P1=P345, TESTNO=0351, LVL=1
C1=P345, P1=P345, TESTNO=0352, LVL=1
C1=P345, P1=P345, TESTNO=0353, LVL=1
C1=P345, P1=P345, TESTNO=0354, LVL=1
C1=P345, P1=P345, TESTNO=0355, LVL=1
C1=P345, P1=P345, TESTNO=0356, LVL=1
C1=P345, P1=P345, TESTNO=0357, LVL=1
C1=P345, P1=P345, TESTNO=0358, LVL=1
C1=P345, P1=P345, TESTNO=0359, LVL=1
C1=P345, P1=P345, TESTNO=0360, LVL=1
C1=P345, P1=P345, TESTNO=0361, LVL=1
C1=P345, P1=P345, TESTNO=0362, LVL=1
C1=P345, P1=P345, TESTNO=0363, LVL=1
C1=P345, P1=P345, TESTNO=0364, LVL=1
C1=P345, P1=P345, TESTNO=0388, LVL=1
C1=P345, P1=P345, TESTNO=0515, LVL=1
C1=P345, P1=P345, TESTNO=0524, LVL=1
C1=P345, P1=P345, TESTNO=0525, LVL=1
C1=P345, P1=P345, TESTNO=0526, LVL=1
C1=P345, P1=P345, TESTNO=0536, LVL=1
C1=P345, P1=P345, TESTNO=0579, LVL=1
C1=P345, P1=P345, TESTNO=0580, LVL=1
C1=P345, P1=P345, TESTNO=0583, LVL=1
C1=P345, P1=P345, TESTNO=0584, LVL=1
C1=P345, P1=P345, TESTNO=0585, LVL=1
C1=P345, P1=P345, TESTNO=0586, LVL=1
C1=P345, P1=P345, TESTNO=0611, LVL=1
C1=P345, P1=P345, TESTNO=0612, LVL=1
C1=P345, P1=P345, TESTNO=0885, LVL=1
C1=P345, P1=P345, TESTNO=0886, LVL=1
C1=P345, P1=P345, TESTNO=0887, LVL=1
C1=P345, P1=P345, TESTNO=0888, LVL=1
C1=P345, P1=P345, TESTNO=0889, LVL=1
C1=P345, P1=P345, TESTNO=0890, LVL=1
C1=P345, P1=P345, TESTNO=0891, LVL=1
C1=P345, P1=P345, TESTNO=0892, LVL=1
C1=P345, P1=P345, TESTNO=0893, LVL=1
C1=P345, P1=P345, TESTNO=0894, LVL=1
C1=P345, P1=P345, TESTNO=0895, LVL=1
C1=P345, P1=P345, TESTNO=0896, LVL=1
C1=P345, P1=P345, TESTNO=0899, LVL=1
C1=P415, P1=P405, TESTNO=0299, LVL=2
C1=P415, P1=P405, TESTNO=0455, LVL=2
C1=P415, P1=P410, TESTNO=0189, LVL=2
C1=P415, P1=P410, TESTNO=0190, LVL=2
C1=P415, P1=P410, TESTNO=0191, LVL=2
C1=P415, P1=P410, TESTNO=0389, LVL=2
C1=P415, P1=P410, TESTNO=0403, LVL=2
C1=P415, P1=P410, TESTNO=0504, LVL=2
C1=P415, P1=P410, TESTNO=0871, LVL=2
C1=P415, P1=P410, TESTNO=0872, LVL=2
C1=P415, P1=P410, TESTNO=0883, LVL=2
C1=P415, P1=P415, TESTNO=0189, LVL=1
C1=P415, P1=P415, TESTNO=0190, LVL=1
C1=P415, P1=P415, TESTNO=0191, LVL=1
C1=P415, P1=P415, TESTNO=0299, LVL=1
C1=P415, P1=P415, TESTNO=0389, LVL=1
C1=P415, P1=P415, TESTNO=0403, LVL=1
C1=P415, P1=P415, TESTNO=0455, LVL=1
C1=P415, P1=P415, TESTNO=0504, LVL=1
C1=P415, P1=P415, TESTNO=0871, LVL=1
C1=P415, P1=P415, TESTNO=0872, LVL=1
C1=P415, P1=P415, TESTNO=0883, LVL=1
235 rows selected


Table R_STRUCTURE with all fully supported tests:


R_STRUCTURE Listing
C1=P345, P1=P325, TESTNO=0011, LVL=2
C1=P345, P1=P325, TESTNO=0011, LVL=3
C1=P345, P1=P325, TESTNO=0213, LVL=2
C1=P345, P1=P325, TESTNO=0213, LVL=3
C1=P345, P1=P325, TESTNO=0214, LVL=2
C1=P345, P1=P325, TESTNO=0214, LVL=3
C1=P345, P1=P325, TESTNO=0215, LVL=2
C1=P345, P1=P325, TESTNO=0215, LVL=3
C1=P345, P1=P325, TESTNO=0216, LVL=3
C1=P345, P1=P325, TESTNO=0216, LVL=2
C1=P345, P1=P325, TESTNO=0218, LVL=3
C1=P345, P1=P325, TESTNO=0218, LVL=2
C1=P345, P1=P325, TESTNO=0219, LVL=3
C1=P345, P1=P325, TESTNO=0219, LVL=2
C1=P345, P1=P325, TESTNO=0220, LVL=3
C1=P345, P1=P325, TESTNO=0220, LVL=2
C1=P345, P1=P325, TESTNO=0221, LVL=3
C1=P345, P1=P325, TESTNO=0221, LVL=2
C1=P345, P1=P325, TESTNO=0222, LVL=3
C1=P345, P1=P325, TESTNO=0222, LVL=2
C1=P345, P1=P325, TESTNO=0224, LVL=3
C1=P345, P1=P325, TESTNO=0224, LVL=2
C1=P345, P1=P325, TESTNO=0225, LVL=3
C1=P345, P1=P325, TESTNO=0225, LVL=2
C1=P345, P1=P325, TESTNO=0226, LVL=2
C1=P345, P1=P325, TESTNO=0226, LVL=3
C1=P345, P1=P325, TESTNO=0243, LVL=2
C1=P345, P1=P325, TESTNO=0243, LVL=3
C1=P345, P1=P325, TESTNO=0244, LVL=3
C1=P345, P1=P325, TESTNO=0244, LVL=2
C1=P345, P1=P325, TESTNO=0245, LVL=3
C1=P345, P1=P325, TESTNO=0245, LVL=2
C1=P345, P1=P325, TESTNO=0246, LVL=2
C1=P345, P1=P325, TESTNO=0246, LVL=3
C1=P345, P1=P325, TESTNO=0247, LVL=3
C1=P345, P1=P325, TESTNO=0247, LVL=2
C1=P345, P1=P325, TESTNO=0248, LVL=3
C1=P345, P1=P325, TESTNO=0248, LVL=2
C1=P345, P1=P325, TESTNO=0249, LVL=2
C1=P345, P1=P325, TESTNO=0249, LVL=3
C1=P345, P1=P325, TESTNO=0250, LVL=3
C1=P345, P1=P325, TESTNO=0250, LVL=2
C1=P345, P1=P325, TESTNO=0347, LVL=2
C1=P345, P1=P325, TESTNO=0347, LVL=3
C1=P345, P1=P325, TESTNO=0348, LVL=3
C1=P345, P1=P325, TESTNO=0348, LVL=2
C1=P345, P1=P325, TESTNO=0349, LVL=2
C1=P345, P1=P325, TESTNO=0349, LVL=3
C1=P345, P1=P325, TESTNO=0350, LVL=2
C1=P345, P1=P325, TESTNO=0350, LVL=3
C1=P345, P1=P325, TESTNO=0351, LVL=3
C1=P345, P1=P325, TESTNO=0351, LVL=2
C1=P345, P1=P325, TESTNO=0352, LVL=3
C1=P345, P1=P325, TESTNO=0352, LVL=2
C1=P345, P1=P325, TESTNO=0353, LVL=2
C1=P345, P1=P325, TESTNO=0353, LVL=3
C1=P345, P1=P325, TESTNO=0354, LVL=3
C1=P345, P1=P325, TESTNO=0354, LVL=2
C1=P345, P1=P325, TESTNO=0355, LVL=3
C1=P345, P1=P325, TESTNO=0355, LVL=2
C1=P345, P1=P325, TESTNO=0356, LVL=2
C1=P345, P1=P325, TESTNO=0356, LVL=3
C1=P345, P1=P325, TESTNO=0357, LVL=3
C1=P345, P1=P325, TESTNO=0357, LVL=2
C1=P345, P1=P325, TESTNO=0358, LVL=3
C1=P345, P1=P325, TESTNO=0358, LVL=2
C1=P345, P1=P325, TESTNO=0359, LVL=3
C1=P345, P1=P325, TESTNO=0359, LVL=2
C1=P345, P1=P325, TESTNO=0360, LVL=3
C1=P345, P1=P325, TESTNO=0360, LVL=2
C1=P345, P1=P325, TESTNO=0361, LVL=3
C1=P345, P1=P325, TESTNO=0361, LVL=2
C1=P345, P1=P325, TESTNO=0362, LVL=2
C1=P345, P1=P325, TESTNO=0362, LVL=3
C1=P345, P1=P325, TESTNO=0363, LVL=3
C1=P345, P1=P325, TESTNO=0363, LVL=2
C1=P345, P1=P325, TESTNO=0364, LVL=2
C1=P345, P1=P325, TESTNO=0364, LVL=3
C1=P345, P1=P325, TESTNO=0388, LVL=3
C1=P345, P1=P325, TESTNO=0388, LVL=2
C1=P345, P1=P325, TESTNO=0515, LVL=2
C1=P345, P1=P325, TESTNO=0515, LVL=3
C1=P345, P1=P325, TESTNO=0524, LVL=2
C1=P345, P1=P325, TESTNO=0524, LVL=3
C1=P345, P1=P325, TESTNO=0525, LVL=3
C1=P345, P1=P325, TESTNO=0525, LVL=2
C1=P345, P1=P325, TESTNO=0526, LVL=3
C1=P345, P1=P325, TESTNO=0526, LVL=2
C1=P345, P1=P325, TESTNO=0536, LVL=2
C1=P345, P1=P325, TESTNO=0536, LVL=3
C1=P345, P1=P325, TESTNO=0611, LVL=3
C1=P345, P1=P325, TESTNO=0611, LVL=2
C1=P345, P1=P325, TESTNO=0612, LVL=2
C1=P345, P1=P325, TESTNO=0612, LVL=3
C1=P345, P1=P335, TESTNO=0011, LVL=2
C1=P345, P1=P335, TESTNO=0213, LVL=2
C1=P345, P1=P335, TESTNO=0214, LVL=2
C1=P345, P1=P335, TESTNO=0215, LVL=2
C1=P345, P1=P335, TESTNO=0216, LVL=2
C1=P345, P1=P335, TESTNO=0218, LVL=2
C1=P345, P1=P335, TESTNO=0219, LVL=2
C1=P345, P1=P335, TESTNO=0220, LVL=2
C1=P345, P1=P335, TESTNO=0221, LVL=2
C1=P345, P1=P335, TESTNO=0222, LVL=2
C1=P345, P1=P335, TESTNO=0224, LVL=2
C1=P345, P1=P335, TESTNO=0225, LVL=2
C1=P345, P1=P335, TESTNO=0226, LVL=2
C1=P345, P1=P335, TESTNO=0243, LVL=2
C1=P345, P1=P335, TESTNO=0244, LVL=2
C1=P345, P1=P335, TESTNO=0245, LVL=2
C1=P345, P1=P335, TESTNO=0246, LVL=2
C1=P345, P1=P335, TESTNO=0247, LVL=2
C1=P345, P1=P335, TESTNO=0248, LVL=2
C1=P345, P1=P335, TESTNO=0249, LVL=2
C1=P345, P1=P335, TESTNO=0250, LVL=2
C1=P345, P1=P335, TESTNO=0347, LVL=2
C1=P345, P1=P335, TESTNO=0348, LVL=2
C1=P345, P1=P335, TESTNO=0349, LVL=2
C1=P345, P1=P335, TESTNO=0350, LVL=2
C1=P345, P1=P335, TESTNO=0351, LVL=2
C1=P345, P1=P335, TESTNO=0352, LVL=2
C1=P345, P1=P335, TESTNO=0353, LVL=2
C1=P345, P1=P335, TESTNO=0354, LVL=2
C1=P345, P1=P335, TESTNO=0355, LVL=2
C1=P345, P1=P335, TESTNO=0356, LVL=2
C1=P345, P1=P335, TESTNO=0357, LVL=2
C1=P345, P1=P335, TESTNO=0358, LVL=2
C1=P345, P1=P335, TESTNO=0359, LVL=2
C1=P345, P1=P335, TESTNO=0360, LVL=2
C1=P345, P1=P335, TESTNO=0361, LVL=2
C1=P345, P1=P335, TESTNO=0362, LVL=2
C1=P345, P1=P335, TESTNO=0363, LVL=2
C1=P345, P1=P335, TESTNO=0364, LVL=2
C1=P345, P1=P335, TESTNO=0388, LVL=2
C1=P345, P1=P335, TESTNO=0515, LVL=2
C1=P345, P1=P335, TESTNO=0524, LVL=2
C1=P345, P1=P335, TESTNO=0525, LVL=2
C1=P345, P1=P335, TESTNO=0526, LVL=2
C1=P345, P1=P335, TESTNO=0536, LVL=2
C1=P345, P1=P335, TESTNO=0579, LVL=2
C1=P345, P1=P335, TESTNO=0580, LVL=2
C1=P345, P1=P335, TESTNO=0583, LVL=2
C1=P345, P1=P335, TESTNO=0584, LVL=2
C1=P345, P1=P335, TESTNO=0585, LVL=2
C1=P345, P1=P335, TESTNO=0586, LVL=2
C1=P345, P1=P335, TESTNO=0611, LVL=2
C1=P345, P1=P335, TESTNO=0612, LVL=2
C1=P345, P1=P345, TESTNO=0011, LVL=1
C1=P345, P1=P345, TESTNO=0213, LVL=1
C1=P345, P1=P345, TESTNO=0214, LVL=1
C1=P345, P1=P345, TESTNO=0215, LVL=1
C1=P345, P1=P345, TESTNO=0216, LVL=1
C1=P345, P1=P345, TESTNO=0218, LVL=1
C1=P345, P1=P345, TESTNO=0219, LVL=1
C1=P345, P1=P345, TESTNO=0220, LVL=1
C1=P345, P1=P345, TESTNO=0221, LVL=1
C1=P345, P1=P345, TESTNO=0222, LVL=1
C1=P345, P1=P345, TESTNO=0224, LVL=1
C1=P345, P1=P345, TESTNO=0225, LVL=1
C1=P345, P1=P345, TESTNO=0226, LVL=1
C1=P345, P1=P345, TESTNO=0243, LVL=1
C1=P345, P1=P345, TESTNO=0244, LVL=1
C1=P345, P1=P345, TESTNO=0245, LVL=1
C1=P345, P1=P345, TESTNO=0246, LVL=1
C1=P345, P1=P345, TESTNO=0247, LVL=1
C1=P345, P1=P345, TESTNO=0248, LVL=1
C1=P345, P1=P345, TESTNO=0249, LVL=1
C1=P345, P1=P345, TESTNO=0250, LVL=1
C1=P345, P1=P345, TESTNO=0347, LVL=1
C1=P345, P1=P345, TESTNO=0348, LVL=1
C1=P345, P1=P345, TESTNO=0349, LVL=1
C1=P345, P1=P345, TESTNO=0350, LVL=1
C1=P345, P1=P345, TESTNO=0351, LVL=1
C1=P345, P1=P345, TESTNO=0352, LVL=1
C1=P345, P1=P345, TESTNO=0353, LVL=1
C1=P345, P1=P345, TESTNO=0354, LVL=1
C1=P345, P1=P345, TESTNO=0355, LVL=1
C1=P345, P1=P345, TESTNO=0356, LVL=1
C1=P345, P1=P345, TESTNO=0357, LVL=1
C1=P345, P1=P345, TESTNO=0358, LVL=1
C1=P345, P1=P345, TESTNO=0359, LVL=1
C1=P345, P1=P345, TESTNO=0360, LVL=1
C1=P345, P1=P345, TESTNO=0361, LVL=1
C1=P345, P1=P345, TESTNO=0362, LVL=1
C1=P345, P1=P345, TESTNO=0363, LVL=1
C1=P345, P1=P345, TESTNO=0364, LVL=1
C1=P345, P1=P345, TESTNO=0388, LVL=1
C1=P345, P1=P345, TESTNO=0515, LVL=1
C1=P345, P1=P345, TESTNO=0524, LVL=1
C1=P345, P1=P345, TESTNO=0525, LVL=1
C1=P345, P1=P345, TESTNO=0526, LVL=1
C1=P345, P1=P345, TESTNO=0536, LVL=1
C1=P345, P1=P345, TESTNO=0579, LVL=1
C1=P345, P1=P345, TESTNO=0580, LVL=1
C1=P345, P1=P345, TESTNO=0583, LVL=1
C1=P345, P1=P345, TESTNO=0584, LVL=1
C1=P345, P1=P345, TESTNO=0585, LVL=1
C1=P345, P1=P345, TESTNO=0586, LVL=1
C1=P345, P1=P345, TESTNO=0611, LVL=1
C1=P345, P1=P345, TESTNO=0612, LVL=1
C1=P345, P1=P345, TESTNO=0885, LVL=1
C1=P345, P1=P345, TESTNO=0886, LVL=1
C1=P345, P1=P345, TESTNO=0887, LVL=1
C1=P345, P1=P345, TESTNO=0888, LVL=1
C1=P345, P1=P345, TESTNO=0889, LVL=1
C1=P345, P1=P345, TESTNO=0890, LVL=1
C1=P345, P1=P345, TESTNO=0891, LVL=1
C1=P345, P1=P345, TESTNO=0892, LVL=1
C1=P345, P1=P345, TESTNO=0893, LVL=1
C1=P345, P1=P345, TESTNO=0894, LVL=1
C1=P345, P1=P345, TESTNO=0895, LVL=1
C1=P345, P1=P345, TESTNO=0896, LVL=1
C1=P345, P1=P345, TESTNO=0899, LVL=1
C1=P415, P1=P405, TESTNO=0299, LVL=2
C1=P415, P1=P405, TESTNO=0455, LVL=2
C1=P415, P1=P410, TESTNO=0189, LVL=2
C1=P415, P1=P410, TESTNO=0190, LVL=2
C1=P415, P1=P410, TESTNO=0191, LVL=2
C1=P415, P1=P410, TESTNO=0389, LVL=2
C1=P415, P1=P410, TESTNO=0403, LVL=2
C1=P415, P1=P410, TESTNO=0504, LVL=2
C1=P415, P1=P410, TESTNO=0871, LVL=2
C1=P415, P1=P410, TESTNO=0872, LVL=2
C1=P415, P1=P410, TESTNO=0883, LVL=2
C1=P415, P1=P415, TESTNO=0189, LVL=1
C1=P415, P1=P415, TESTNO=0190, LVL=1
C1=P415, P1=P415, TESTNO=0191, LVL=1
C1=P415, P1=P415, TESTNO=0299, LVL=1
C1=P415, P1=P415, TESTNO=0389, LVL=1
C1=P415, P1=P415, TESTNO=0403, LVL=1
C1=P415, P1=P415, TESTNO=0455, LVL=1
C1=P415, P1=P415, TESTNO=0504, LVL=1
C1=P415, P1=P415, TESTNO=0871, LVL=1
C1=P415, P1=P415, TESTNO=0872, LVL=1
C1=P415, P1=P415, TESTNO=0883, LVL=1
235 rows selected


Some tests were not fully contained in a subprofile.
Table R_STRUCTURE with P998 resolved:


R_STRUCTURE Listing
C1=P345, P1=P325, TESTNO=0011, LVL=3
C1=P345, P1=P325, TESTNO=0213, LVL=3
C1=P345, P1=P325, TESTNO=0214, LVL=3
C1=P345, P1=P325, TESTNO=0215, LVL=3
C1=P345, P1=P325, TESTNO=0216, LVL=3
C1=P345, P1=P325, TESTNO=0218, LVL=3
C1=P345, P1=P325, TESTNO=0219, LVL=3
C1=P345, P1=P325, TESTNO=0220, LVL=3
C1=P345, P1=P325, TESTNO=0221, LVL=3
C1=P345, P1=P325, TESTNO=0222, LVL=3
C1=P345, P1=P325, TESTNO=0224, LVL=3
C1=P345, P1=P325, TESTNO=0225, LVL=3
C1=P345, P1=P325, TESTNO=0226, LVL=3
C1=P345, P1=P325, TESTNO=0243, LVL=3
C1=P345, P1=P325, TESTNO=0244, LVL=3
C1=P345, P1=P325, TESTNO=0245, LVL=3
C1=P345, P1=P325, TESTNO=0246, LVL=3
C1=P345, P1=P325, TESTNO=0247, LVL=3
C1=P345, P1=P325, TESTNO=0248, LVL=3
C1=P345, P1=P325, TESTNO=0249, LVL=3
C1=P345, P1=P325, TESTNO=0250, LVL=3
C1=P345, P1=P325, TESTNO=0347, LVL=3
C1=P345, P1=P325, TESTNO=0348, LVL=3
C1=P345, P1=P325, TESTNO=0349, LVL=3
C1=P345, P1=P325, TESTNO=0350, LVL=3
C1=P345, P1=P325, TESTNO=0351, LVL=3
C1=P345, P1=P325, TESTNO=0352, LVL=3
C1=P345, P1=P325, TESTNO=0353, LVL=3
C1=P345, P1=P325, TESTNO=0354, LVL=3
C1=P345, P1=P325, TESTNO=0355, LVL=3
C1=P345, P1=P325, TESTNO=0356, LVL=3
C1=P345, P1=P325, TESTNO=0357, LVL=3
C1=P345, P1=P325, TESTNO=0358, LVL=3
C1=P345, P1=P325, TESTNO=0359, LVL=3
C1=P345, P1=P325, TESTNO=0360, LVL=3
C1=P345, P1=P325, TESTNO=0361, LVL=3
C1=P345, P1=P325, TESTNO=0362, LVL=3
C1=P345, P1=P325, TESTNO=0363, LVL=3
C1=P345, P1=P325, TESTNO=0364, LVL=3
C1=P345, P1=P325, TESTNO=0388, LVL=3
C1=P345, P1=P325, TESTNO=0515, LVL=3
C1=P345, P1=P325, TESTNO=0524, LVL=3
C1=P345, P1=P325, TESTNO=0525, LVL=3
C1=P345, P1=P325, TESTNO=0526, LVL=3
C1=P345, P1=P325, TESTNO=0536, LVL=3
C1=P345, P1=P335, TESTNO=0579, LVL=2
C1=P345, P1=P335, TESTNO=0580, LVL=2
C1=P345, P1=P335, TESTNO=0583, LVL=2
C1=P345, P1=P335, TESTNO=0584, LVL=2
C1=P345, P1=P335, TESTNO=0585, LVL=2
C1=P345, P1=P335, TESTNO=0586, LVL=2
C1=P345, P1=P335, TESTNO=0611, LVL=2
C1=P345, P1=P335, TESTNO=0612, LVL=2
C1=P345, P1=P345, TESTNO=0885, LVL=1
C1=P345, P1=P345, TESTNO=0886, LVL=1
C1=P345, P1=P345, TESTNO=0887, LVL=1
C1=P345, P1=P345, TESTNO=0888, LVL=1
C1=P345, P1=P345, TESTNO=0889, LVL=1
C1=P345, P1=P345, TESTNO=0890, LVL=1
C1=P345, P1=P345, TESTNO=0891, LVL=1
C1=P345, P1=P345, TESTNO=0892, LVL=1
C1=P345, P1=P345, TESTNO=0893, LVL=1
C1=P345, P1=P345, TESTNO=0894, LVL=1
C1=P345, P1=P345, TESTNO=0895, LVL=1
C1=P345, P1=P345, TESTNO=0896, LVL=1
C1=P345, P1=P345, TESTNO=0899, LVL=1
C1=P415, P1=P405, TESTNO=0299, LVL=2
C1=P415, P1=P405, TESTNO=0455, LVL=2
C1=P415, P1=P410, TESTNO=0189, LVL=2
C1=P415, P1=P410, TESTNO=0190, LVL=2
C1=P415, P1=P410, TESTNO=0191, LVL=2
C1=P415, P1=P410, TESTNO=0389, LVL=2
C1=P415, P1=P410, TESTNO=0403, LVL=2
C1=P415, P1=P410, TESTNO=0504, LVL=2
C1=P415, P1=P410, TESTNO=0871, LVL=2
C1=P415, P1=P410, TESTNO=0872, LVL=2
C1=P415, P1=P410, TESTNO=0883, LVL=2
77 rows selected



REPORTA step 4:  Multiply tests required by bindings claimed.
Before setting value of column REQOPTNA


T_REQ Listing
TESTNO=0871,PROG=ada011 PC  REQ     
TESTNO=0872,PROG=ada012 PC  REQ     
TESTNO=0883,PROG=ada013 PC  REQ     
TESTNO=0347,PROG=cdr014 PC  REQ     
TESTNO=0348,PROG=cdr014 PC  REQ     
TESTNO=0349,PROG=cdr015 PC  REQ     
TESTNO=0350,PROG=cdr015 PC  REQ     
TESTNO=0351,PROG=cdr015 PC  REQ     
TESTNO=0352,PROG=cdr016 PC  REQ     
TESTNO=0353,PROG=cdr016 PC  REQ     
TESTNO=0354,PROG=cdr016 PC  REQ     
TESTNO=0355,PROG=cdr017 PC  REQ     
TESTNO=0356,PROG=cdr017 PC  REQ     
TESTNO=0357,PROG=cdr017 PC  REQ     
TESTNO=0358,PROG=cdr017 PC  REQ     
TESTNO=0359,PROG=cdr017 PC  REQ     
TESTNO=0360,PROG=cdr018 PC  REQ     
TESTNO=0361,PROG=cdr018 PC  REQ     
TESTNO=0362,PROG=cdr018 PC  REQ     
TESTNO=0363,PROG=cdr018 PC  REQ     
TESTNO=0364,PROG=cdr018 PC  REQ     
TESTNO=0388,PROG=cdr024 PC  REQ     
TESTNO=0403,PROG=cdr025 PC  REQ     
TESTNO=0526,PROG=cdr031 PC  REQ     
TESTNO=0536,PROG=cob010 PC  REQ     
TESTNO=0011,PROG=dml005 PC  REQ     
TESTNO=0213,PROG=dml042 PC  REQ     
TESTNO=0214,PROG=dml043 PC  REQ     
TESTNO=0215,PROG=dml044 PC  REQ     
TESTNO=0216,PROG=dml044 PC  REQ     
TESTNO=0218,PROG=dml045 PC  REQ     
TESTNO=0219,PROG=dml045 PC  REQ     
TESTNO=0220,PROG=dml046 PC  REQ     
TESTNO=0221,PROG=dml046 PC  REQ     
TESTNO=0222,PROG=dml047 PC  REQ     
TESTNO=0224,PROG=dml048 PC  REQ     
TESTNO=0225,PROG=dml049 PC  REQ     
TESTNO=0226,PROG=dml050 PC  REQ     
TESTNO=0243,PROG=dml055 PC  REQ     
TESTNO=0244,PROG=dml055 PC  REQ     
TESTNO=0245,PROG=dml055 PC  REQ     
TESTNO=0246,PROG=dml056 PC  REQ     
TESTNO=0247,PROG=dml056 PC  REQ     
TESTNO=0248,PROG=dml057 PC  REQ     
TESTNO=0249,PROG=dml057 PC  REQ     
TESTNO=0250,PROG=dml057 PC  REQ     
TESTNO=0389,PROG=dml068 PC  REQ     
TESTNO=0189,PROG=dml078 PC  REQ     
TESTNO=0190,PROG=dml078 PC  REQ     
TESTNO=0191,PROG=dml078 PC  REQ     
TESTNO=0504,PROG=dml084 PC  REQ     
TESTNO=0584,PROG=dml092 PC  REQ     
TESTNO=0585,PROG=dml093 PC  REQ     
TESTNO=0579,PROG=dml098 PC  REQ     
TESTNO=0580,PROG=dml098 PC  REQ     
TESTNO=0586,PROG=dml098 PC  REQ     
TESTNO=0583,PROG=dml099 PC  REQ     
TESTNO=0611,PROG=dml106 PC  REQ     
TESTNO=0612,PROG=dml107 PC  REQ     
TESTNO=0515,PROG=dml132 PC  REQ     
TESTNO=0524,PROG=dml132 PC  REQ     
TESTNO=0525,PROG=dml132 PC  REQ     
TESTNO=0885,PROG=dml173 PC  REQ     
TESTNO=0886,PROG=dml174 PC  REQ     
TESTNO=0887,PROG=dml175 PC  REQ     
TESTNO=0888,PROG=dml176 PC  REQ     
TESTNO=0889,PROG=dml177 PC  REQ     
TESTNO=0890,PROG=dml177 PC  REQ     
TESTNO=0891,PROG=dml178 PC  REQ     
TESTNO=0892,PROG=dml179 PC  REQ     
TESTNO=0893,PROG=dml180 PC  REQ     
TESTNO=0894,PROG=dml181 PC  REQ     
TESTNO=0895,PROG=dml182 PC  REQ     
TESTNO=0896,PROG=dml183 PC  REQ     
TESTNO=0899,PROG=dml186 PC  REQ     
TESTNO=0299,PROG=flg006 PC  REQ     
TESTNO=0455,PROG=flg009 PC  REQ     
77 rows selected



REPORTA step 5:  Mark 'NA' tests which do not exist for a particular
                 language.
After setting value of column REQOPTNA


T_REQ Listing
TESTNO=0871,PROG=ada011 PC  NA      
TESTNO=0872,PROG=ada012 PC  NA      
TESTNO=0883,PROG=ada013 PC  NA      
TESTNO=0347,PROG=cdr014 PC  REQ     
TESTNO=0348,PROG=cdr014 PC  REQ     
TESTNO=0349,PROG=cdr015 PC  REQ     
TESTNO=0350,PROG=cdr015 PC  REQ     
TESTNO=0351,PROG=cdr015 PC  REQ     
TESTNO=0352,PROG=cdr016 PC  REQ     
TESTNO=0353,PROG=cdr016 PC  REQ     
TESTNO=0354,PROG=cdr016 PC  REQ     
TESTNO=0355,PROG=cdr017 PC  REQ     
TESTNO=0356,PROG=cdr017 PC  REQ     
TESTNO=0357,PROG=cdr017 PC  REQ     
TESTNO=0358,PROG=cdr017 PC  REQ     
TESTNO=0359,PROG=cdr017 PC  REQ     
TESTNO=0360,PROG=cdr018 PC  REQ     
TESTNO=0361,PROG=cdr018 PC  REQ     
TESTNO=0362,PROG=cdr018 PC  REQ     
TESTNO=0363,PROG=cdr018 PC  REQ     
TESTNO=0364,PROG=cdr018 PC  REQ     
TESTNO=0388,PROG=cdr024 PC  REQ     
TESTNO=0403,PROG=cdr025 PC  REQ     
TESTNO=0526,PROG=cdr031 PC  REQ     
TESTNO=0536,PROG=cob010 PC  NA      
TESTNO=0011,PROG=dml005 PC  REQ     
TESTNO=0213,PROG=dml042 PC  REQ     
TESTNO=0214,PROG=dml043 PC  REQ     
TESTNO=0215,PROG=dml044 PC  REQ     
TESTNO=0216,PROG=dml044 PC  REQ     
TESTNO=0218,PROG=dml045 PC  REQ     
TESTNO=0219,PROG=dml045 PC  REQ     
TESTNO=0220,PROG=dml046 PC  REQ     
TESTNO=0221,PROG=dml046 PC  REQ     
TESTNO=0222,PROG=dml047 PC  REQ     
TESTNO=0224,PROG=dml048 PC  REQ     
TESTNO=0225,PROG=dml049 PC  REQ     
TESTNO=0226,PROG=dml050 PC  REQ     
TESTNO=0243,PROG=dml055 PC  REQ     
TESTNO=0244,PROG=dml055 PC  REQ     
TESTNO=0245,PROG=dml055 PC  REQ     
TESTNO=0246,PROG=dml056 PC  REQ     
TESTNO=0247,PROG=dml056 PC  REQ     
TESTNO=0248,PROG=dml057 PC  REQ     
TESTNO=0249,PROG=dml057 PC  REQ     
TESTNO=0250,PROG=dml057 PC  REQ     
TESTNO=0389,PROG=dml068 PC  REQ     
TESTNO=0189,PROG=dml078 PC  REQ     
TESTNO=0190,PROG=dml078 PC  REQ     
TESTNO=0191,PROG=dml078 PC  REQ     
TESTNO=0504,PROG=dml084 PC  REQ     
TESTNO=0584,PROG=dml092 PC  REQ     
TESTNO=0585,PROG=dml093 PC  REQ     
TESTNO=0579,PROG=dml098 PC  REQ     
TESTNO=0580,PROG=dml098 PC  REQ     
TESTNO=0586,PROG=dml098 PC  REQ     
TESTNO=0583,PROG=dml099 PC  REQ     
TESTNO=0611,PROG=dml106 PC  REQ     
TESTNO=0612,PROG=dml107 PC  REQ     
TESTNO=0515,PROG=dml132 PC  REQ     
TESTNO=0524,PROG=dml132 PC  REQ     
TESTNO=0525,PROG=dml132 PC  REQ     
TESTNO=0885,PROG=dml173 PC  REQ     
TESTNO=0886,PROG=dml174 PC  REQ     
TESTNO=0887,PROG=dml175 PC  REQ     
TESTNO=0888,PROG=dml176 PC  REQ     
TESTNO=0889,PROG=dml177 PC  REQ     
TESTNO=0890,PROG=dml177 PC  REQ     
TESTNO=0891,PROG=dml178 PC  REQ     
TESTNO=0892,PROG=dml179 PC  REQ     
TESTNO=0893,PROG=dml180 PC  REQ     
TESTNO=0894,PROG=dml181 PC  REQ     
TESTNO=0895,PROG=dml182 PC  REQ     
TESTNO=0896,PROG=dml183 PC  REQ     
TESTNO=0899,PROG=dml186 PC  REQ     
TESTNO=0299,PROG=flg006 PC  REQ     
TESTNO=0455,PROG=flg009 PC  REQ     
77 rows selected



REPORTA step 6:  List programs for each binding.

Run the following programs to test the interfaces specified:

PROGRAMS TO EXECUTE FOR INTERFACE PC 
RUNPC     cdr031.pc   AS  FLATER                       
RUNPC     dml092.pc   AS  FLATER             c-pli-mump
RUNPC     dml093.pc   AS  FLATER             c-pli-mump
RUNPC     dml098.pc   AS  FLATER                       
RUNPC     dml099.pc   AS  FLATER                       
RUNPC     dml106.pc   AS  FLATER                       
RUNPC     dml107.pc   AS  FLATER                       
RUNPC     dml132.pc   AS  FLATER                       
RUNPC     dml173.pc   AS  FLATER                       
RUNPC     dml174.pc   AS  FLATER                       
RUNPC     dml175.pc   AS  FLATER                       
RUNPC     dml176.pc   AS  FLATER                       
RUNPC     dml177.pc   AS  FLATER                       
RUNPC     dml178.pc   AS  FLATER                       
RUNPC     dml179.pc   AS  FLATER                       
RUNPC     dml180.pc   AS  FLATER                       
RUNPC     dml181.pc   AS  FLATER                       
RUNPC     dml182.pc   AS  FLATER                       
RUNPC     dml183.pc   AS  FLATER                       
RUNPC     dml186.pc   AS  FLATER                       
RUNPC     dml005.pc   AS  HU                           
RUNPC     dml042.pc   AS  HU                           
RUNPC     dml043.pc   AS  HU                           
RUNPC     dml044.pc   AS  HU                           
RUNPC     dml045.pc   AS  HU                           
RUNPC     dml046.pc   AS  HU                           
RUNPC     dml047.pc   AS  HU                           
RUNPC     dml048.pc   AS  HU                           
RUNPC     dml049.pc   AS  HU                           
RUNPC     dml050.pc   AS  HU                           
RUNPC     dml055.pc   AS  HU                           
RUNPC     dml056.pc   AS  HU                           
RUNPC     dml057.pc   AS  HU                           
RUNPC     dml068.pc   AS  HU                           
RUNPC     dml078.pc   AS  HU                           
RUNPC     flg009.pc   AS  HU                           
RUNPC     flg006.pc   AS  MCGINN                       
RUNPC     dml084.pc   AS  SCHANZLE                     
RUNPC     cdr014.pc   AS  SUN                          
RUNPC     cdr015.pc   AS  SUN                          
RUNPC     cdr016.pc   AS  SUN                          
RUNPC     cdr017.pc   AS  SUN                          
RUNPC     cdr018.pc   AS  SUN                          
RUNPC     cdr024.pc   AS  SUN                          
RUNPC     cdr025.pc   AS  SUN                          




DELETE the following tests from these programs:
del cdr017.* /BEGIN TEST0375/END TEST0375/
del cdr017.* /BEGIN TEST0376/END TEST0376/
del cdr024.* /BEGIN TEST0385/END TEST0385/
del cdr024.* /BEGIN TEST0386/END TEST0386/
del cdr024.* /BEGIN TEST0387/END TEST0387/
del cdr025.* /BEGIN TEST0402/END TEST0402/
del cdr025.* /BEGIN TEST0413/END TEST0413/
del dml084.* /BEGIN TEST0503/END TEST0503/
del cob010.* /BEGIN TEST0535/END TEST0535/
del dml092.* /BEGIN TEST0565/END TEST0565/
del dml093.* /BEGIN TEST0566/END TEST0566/
del dml099.* /BEGIN TEST0581/END TEST0581/
del dml099.* /BEGIN TEST0582/END TEST0582/
del dml106.* /BEGIN TEST0599/END TEST0599/
del dml107.* /BEGIN TEST0600/END TEST0600/
del dml106.* /BEGIN TEST0601/END TEST0601/
del dml107.* /BEGIN TEST0602/END TEST0602/
del dml106.* /BEGIN TEST0613/END TEST0613/
del dml107.* /BEGIN TEST0614/END TEST0614/
del dml106.* /BEGIN TEST0615/END TEST0615/
del dml107.* /BEGIN TEST0616/END TEST0616/


errcnt is 0
