"0092","SELECT EMPNUM,HOURS FROM WORKS WHERE PNUM = 'P2' ORDER BY 2 DESC,EMPNUM DESC;",""
"0113","SELECT * FROM TMP WHERE T2 = 23 AND T3 = 'xxxx      ';","**"
"0128","SELECT SUM(ALL HOURS) FROM WORKS;",""
"0150","SELECT CITY FROM STAFF WHERE CITY LIKE 'XiS___S%%' ESCAPE 'S';",""
"0157","SELECT STAFF.EMPNAME FROM STAFF WHERE NOT EXISTS (SELECT * FROM PROJ WHERE NOT EXISTS (SELECT * FROM WORKS WHERE STAFF.EMPNUM = WORKS.EMPNUM AND WORKS.PNUM=PROJ.PNUM));",""
"0166","SELECT EMPNUM, PNUM, HOURS FROM WORKS GROUP BY PNUM, EMPNUM, HOURS HAVING MIN(HOURS) > 12 AND MAX(HOURS) < 80;",""
"0167","SELECT WORKS.PNUM FROM WORKS GROUP BY WORKS.PNUM HAVING WORKS.PNUM IN (SELECT PROJ.PNUM FROM PROJ GROUP BY PROJ.PNUM HAVING SUM(PROJ.BUDGET) > 25000);",""
"0168","SELECT SUM(HOURS) FROM WORKS HAVING MIN(PNUM) > 'P0';",""
"0172","SELECT * FROM WORKS GROUP BY PNUM,EMPNUM,HOURS;","**"
"0180","SELECT CHARTEST FROM   AA;","**"
"0198","SELECT DISTINCT EMPNUM FROM WORKS WORKSX WHERE NOT EXISTS (SELECT * FROM WORKS WORKSY WHERE EMPNUM = 'E2' AND NOT EXISTS (SELECT * FROM WORKS WORKSZ WHERE WORKSZ.EMPNUM = WORKSX.EMPNUM AND WORKSZ.PNUM = WORKSY.PNUM));",""
"0205","SELECT COUNT(*) FROM WORKS WHERE EMPNUM = 'E1' AND EMPNUM = 'E1 ';","**"
"0211","SELECT EMPNUM,PNUM FROM   WORKS WHERE HOURS < (SELECT HOURS FROM WORKS WHERE EMPNUM = 'E8') AND NOT(HOURS< (SELECT HOURS FROM WORKS WHERE EMPNUM = 'E8'));",""
"0212","SELECT EMPNUM,PNUM FROM   WORKS WHERE HOURS < (SELECT HOURS FROM WORKS WHERE EMPNUM = 'E8') AND   HOURS IN (SELECT HOURS FROM WORKS);",""
"0213","SELECT EMPNUM,PNUM FROM   WORKS WHERE HOURS < (SELECT HOURS FROM WORKS WHERE EMPNUM = 'E8') OR    HOURS IN (SELECT HOURS FROM WORKS) ORDER BY EMPNUM;",""
"0237","SELECT * FROM II WHERE DOUBLETEST > 123456.123450 and DOUBLETEST < 123456.123462;","**"
"0273","SELECT COL1, MAX(COL2) FROM VTABLE GROUP BY COL1 HAVING MAX(COL2) > ANY (SELECT GRADE FROM STAFF) AND MAX(COL2) < SOME (SELECT HOURS FROM WORKS) ORDER BY COL1;",""
"0274","SELECT COL1, MAX(COL2) FROM VTABLE GROUP BY COL1 HAVING EXISTS (SELECT * FROM STAFF WHERE EMPNUM = 'E1') AND MAX(COL2) BETWEEN 10 AND 90 ORDER BY COL1;",""
"0275","SELECT SUM(COL1) FROM VTABLE WHERE 10 + COL1 > COL2 HAVING MAX(COL1) > 100;",""
"0276","SELECT SUM(COL1) FROM VTABLE WHERE 1000 + COL1 >= COL2 HAVING MAX(COL1) > 100;",""
"0278","SELECT COL1, COL2 FROM VTABLE WHERE (COL3 * COL2/COL1) > ALL (SELECT HOURS FROM WORKS) OR -(COL3 * COL2/COL1) > ANY (SELECT HOURS FROM WORKS) ORDER BY COL1;",""
"0319","SELECT PNUM FROM WORKS WHERE EMPNUM = 'E1' AND HOURS IN (SELECT COL1 FROM CUGINI.VTABLE WHERE  COL1 > 50);",""
"0328","SELECT STAFF.EMPNUM, AVG(HOURS), MIN(HOURS) FROM  STAFF, WORKS WHERE STAFF.EMPNUM IN ('E1','E4','E3') AND STAFF.EMPNUM = WORKS.EMPNUM GROUP BY STAFF.EMPNUM HAVING COUNT(*) > 1 ORDER BY STAFF.EMPNUM;",""
"0346","SELECT PNUM, SUM(HOURS) FROM WORKS GROUP BY PNUM HAVING EXISTS (SELECT PNAME FROM PROJ WHERE PROJ.PNUM = WORKS.PNUM AND SUM(WORKS.HOURS) > PROJ.BUDGET / 200);",""
"0348","SELECT DISTINCT PTYPE, CITY FROM PROJ GROUP BY PTYPE, CITY HAVING AVG(BUDGET) > 21000;",""
"0349","SELECT DISTINCT SUM(BUDGET) FROM PROJ GROUP BY PTYPE, CITY HAVING AVG(BUDGET) > 21000;",""
"0366","SELECT EMPNAME FROM STAFF UNION SELECT EMPNAME FROM STAFF UNION ALL SELECT EMPNAME FROM STAFF;","**"
"0367","SELECT EMPNAME FROM STAFF UNION ALL SELECT EMPNAME FROM STAFF UNION SELECT EMPNAME FROM STAFF;","**"
"0379","SELECT CITY, COUNT(*) FROM PROJ GROUP BY CITY HAVING (MAX(BUDGET) - MIN(BUDGET)) / 2 IN (2, 20000, 10000) ORDER BY CITY DESC;",""
"0383","SELECT CITY, COUNT(*) FROM PROJ GROUP BY CITY HAVING 50000 + 2 BETWEEN 33000 AND SUM(BUDGET) - 20;",""
"0384","SELECT EMPNUM, GRADE*1000 FROM HU.STAFF WHERE GRADE * 1000 > ANY (SELECT SUM(BUDGET) FROM HU.PROJ GROUP BY CITY, PTYPE HAVING HU.PROJ.CITY = HU.STAFF.CITY);",""
"0435","SELECT COUNT(*) FROM HU.STAFF WHERE CITY LIKE '%XX%X_%' ESCAPE 'X';",""
"0436","SELECT COUNT(*) FROM HU.STAFF WHERE CITY LIKE '%XX_%' ESCAPE 'X';",""
"0437","SELECT COUNT(*) FROM CPBASE WHERE JUNK1 LIKE 'P%X%%' ESCAPE 'X';",""
"0453","SELECT "'".CITY FROM HU.STAFF  "'" WHERE EMPNUM = 'E5';",""
"0471","SELECT SUM(T_REAL) FROM FOUR_TYPES;","**"
"0516","SELECT EMPNUM,EMPNAME,USER FROM HU.STAFF WHERE EMPNUM = 'E3';",""
"0518","SELECT PNUM,PNAME,USER FROM HU.PROJ WHERE PNUM = 'P3';",""
"0520","SELECT EMPNUM,PNUM,USER FROM HU.WORKS WHERE EMPNUM = 'E3';",""
"0522","SELECT EMPNUM,EMPNAME,USER FROM HU.STAFF2 WHERE  EMPNUM = 'E3';",""
"0527","SELECT EMPNUM,EMPNAME,USER FROM HU.STAFF4 WHERE EMPNUM = 'E3';",""
"0533","SELECT FIRST1, USER FROM AUTH_TABLE;",""
"0695","SELECT COUNT (*) FROM OBITUARIES WHERE BORN <> DATE '1880-01-01' OR BORN IS NULL OR DIED <> TESTING1 OR DIED IS NULL OR ENTERED <> TESTING2 OR ENTERED IS NULL;",""
"0696","SELECT TRIM ('X' FROM SPONSOR) FROM WEIRDPAD WHERE TRIM (NAAM) = 'KEITH';","**"
"0697","SELECT TRIM (LEADING 'X' FROM SPONSOR) FROM WEIRDPAD WHERE TRIM (TRAILING FROM NAAM) = '    KEITH';","**"
"0698","SELECT TRIM (LEADING 'X' FROM SPONSOR) FROM WEIRDPAD WHERE TRIM (TRAILING 'X' FROM SPONSOR) = 'XXXXKATE';","**"
"0699","SELECT TRIM (LEADING FROM B.NAAM)  FROM WEIRDPAD A, WEIRDPAD B WHERE TRIM (BOTH 'B' FROM A.NAAM) = TRIM (BOTH 'X' FROM B.SPONSOR);","**"
"0700","SELECT COUNT(*) FROM WEIRDPAD A, WEIRDPAD B WHERE TRIM (LEADING '0' FROM A.SPONSOR) = TRIM (' ' FROM B.NAAM);","**"
"0704","SELECT COUNT(*) FROM WEIRDPAD WHERE TRIM (PADCHAR FROM SPONSOR) IS NULL;",""
"0705","SELECT COUNT(*) FROM WEIRDPAD WHERE TRIM (PADCHAR FROM SPONSOR) = 'KEITH';",""
"0715","SELECT HU.STAFF.*, HOURS FROM HU.STAFF, HU.WORKS WHERE HU.STAFF.EMPNUM = HU.WORKS.EMPNUM AND EMPNAME = 'Carmen';",""
"0721","SELECT CAST (AVG (CAST (USER_TYPED AS INT)) AS INT) FROM USER_INPUT;","**"
"0735","SELECT COUNT(*) FROM VERBOSE_INV WHERE ITEMTEXT = 'Irreparable intermittent CD player' AND CONDTEXT = 'Unknown' AND COSTTEXT = 'Robbery; a complete and total rip-off';",""
"0737","SELECT COUNT(*) FROM VERBOSE_INV WHERE ITEMTEXT = 'Self-destruct VGA monitor w/ critical need detect' AND CONDTEXT = 'Slightly used' AND COSTTEXT = 'Robbery; a complete and total rip-off';",""
"0739","SELECT COUNT(*) FROM VERBOSE_INV WHERE ITEMTEXT = 'World''s worst VCR' AND CONDTEXT = 'Returned as defective' AND COSTTEXT = 'Absurdly expensive';","**"
"0741","SELECT NUM, COUNT(*) FROM "PStaff" GROUP BY NUM ORDER BY NUM;",""
"0743","SELECT NUM, COUNT(*) FROM "PStaff" GROUP BY NUM ORDER BY NUM;",""
"0744","SELECT EXTRACT (HOUR FROM HOURS), EXTRACT (MINUTE FROM HOURS) FROM PROJ_HOURS ORDER BY PNUM;",""
"0745","SELECT EXTRACT (SECOND FROM RUN_SECONDS) FROM TYPE_TIMES ORDER BY JOB_TYPE;",""
"0749","SELECT EMPNUM FROM HU.STAFF3 NATURAL LEFT JOIN HU.STAFF NATURAL INNER JOIN HU.STAFF4 ORDER BY EMPNUM DESC;",""
"0750","SELECT EMPNUM FROM (HU.STAFF3 NATURAL LEFT JOIN HU.STAFF) NATURAL INNER JOIN HU.STAFF4 ORDER BY EMPNUM ASC;",""
"0751","SELECT EMPNUM FROM HU.STAFF3 NATURAL LEFT JOIN (HU.STAFF NATURAL INNER JOIN HU.STAFF4) ORDER BY EMPNUM;",""
"0752","SELECT EMPNUM, CITY, SALARY FROM HU.STAFF3 LEFT JOIN STAFF66 USING (EMPNUM) UNION SELECT EMPNUM, CITY, SALARY FROM HU.STAFF3 RIGHT JOIN STAFF66 USING (EMPNUM) ORDER BY EMPNUM;",""
"0753","SELECT * FROM STAFF66 NATURAL INNER JOIN HU.STAFF3;",""
"0754","SELECT EMPNUM, EMPNAME, SALARY FROM HU.STAFF3 NATURAL LEFT OUTER JOIN STAFF66 WHERE EMPNUM > 'E1' ORDER BY EMPNUM ASC;",""
"0755","SELECT EMPNUM, EMPNAME, SALARY FROM STAFF66 NATURAL RIGHT OUTER JOIN HU.STAFF WHERE EMPNUM > 'E1' ORDER BY EMPNUM DESC;",""
"0756","SELECT * FROM STAFF66 RIGHT JOIN HU.STAFF USING ( GRADE, EMPNUM, EMPNAME) WHERE EMPNUM > 'E1' ORDER BY EMPNUM;",""
"0757","SELECT * FROM HU.STAFF3 LEFT JOIN STAFF66 USING (GRADE, EMPNUM) WHERE EMPNUM > 'E1' ORDER BY EMPNUM ASC;",""
"0758","SELECT EMPNUM, GRADE, HU.STAFF3.EMPNAME, CITY, SALARY, STAFF66.EMPNAME FROM HU.STAFF3 LEFT JOIN STAFF66 USING (GRADE, EMPNUM) WHERE EMPNUM = 'E3';",""
"0759","SELECT COUNT (*) FROM STAFF66 NATURAL RIGHT JOIN HU.PROJ;",""
"0760","SELECT * FROM HU.WORKS NATURAL LEFT JOIN HU.PROJ ORDER BY EMPNUM DESC, PNUM;",""
"0761","SELECT * FROM HU.WORKS JOIN HU.PROJ USING (PNUM) ORDER BY EMPNUM DESC, PNUM;",""
"0762","SELECT * FROM HU.WORKS RIGHT JOIN HU.PROJ ON HU.WORKS.PNUM = HU.PROJ.PNUM ORDER BY 1 DESC, 2;",""
"0763","SELECT EMPNAME, CITY, T_DECIMAL FROM HU.STAFF LEFT OUTER JOIN SEVEN_TYPES ON -GRADE / 11 BETWEEN T_REAL AND T_DECIMAL ORDER BY EMPNAME;",""
"0764","SELECT T_INT, T_CHAR, EMPNAME, EMPNUM, GRADE FROM SEVEN_TYPES RIGHT JOIN HU.STAFF ON GRADE IN (10, 11, 13) AND EMPNUM = T_CHAR ORDER BY EMPNAME, T_INT;",""
"0765","SELECT HU.STAFF.CITY,EMPNAME,PNAME,BUDGET FROM HU.STAFF LEFT JOIN HU.PROJ ON HU.STAFF.CITY = HU.PROJ.CITY AND HU.STAFF.CITY <> 'Vienna' AND EMPNAME <> 'Don' WHERE BUDGET > 15000 OR BUDGET IS NULL ORDER BY HU.STAFF.CITY, EMPNAME, BUDGET;",""
"0766","SELECT HU.STAFF.CITY,EMPNAME,PNAME,BUDGET FROM HU.STAFF LEFT JOIN HU.PROJ ON HU.STAFF.CITY = HU.PROJ.CITY AND HU.STAFF.CITY <> 'Vienna' WHERE (BUDGET > 15000 OR BUDGET IS NULL) AND EMPNAME <> 'Don' ORDER BY HU.STAFF.CITY, EMPNAME, BUDGET;",""
"0768","SELECT GRADE, T_FLOAT, T_DOUBLE FROM HU.STAFF LEFT JOIN SEVEN_TYPES T7 ON GRADE * -40 > T7.T_FLOAT OR (T_DOUBLE -542.5 < GRADE AND T_DOUBLE -541.5 > GRADE) ORDER BY GRADE;",""
"0769","SELECT CAST (100.5 AS DECIMAL (3)) FROM HU.ECCO;",""
"0772","SELECT CAST (CAST (3 AS DEC (5, 3)) AS CHAR (5)) FROM HU.ECCO;",""
"0775","SELECT CAST (-GOOSE AS CHAR (5)) FROM NO_DUCK;",""
"0776","SELECT CAST (-ALBATROSS AS CHAR (5)) FROM NO_DUCK;",""
"0777","SELECT CAST (0230E-1 AS CHAR (10)) FROM HU.ECCO;",""
"0778","SELECT CAST (0230E+1 AS CHAR (10)) FROM HU.ECCO;",""
"0782","SELECT CAST (ALBATROSS AS CHAR (4)) FROM NO_DUCK;",""
"0790","SELECT * FROM HU.STAFF LEFT OUTER JOIN HU.WORKS USING (EMPNUM);",""
"0791","SELECT COUNT(*) FROM XX WHERE C4 = 'Timestamp' AND C5 BETWEEN TIMESTAMP '1993-11-10 00:01:00' AND TIMESTAMP '1993-11-10 00:03:00';",""
"0802","SELECT SALARY, EMPNAME, HOURS, CITY FROM CTS1.STAFFb WHERE NULLIF(SALARY,HOURS) IS NULL ORDER BY EMPNAME;",""
"0803","SELECT SALARY,PNUM,HOURS,NULLIF(EMPNAME,CITY) FROM CTS1.STAFFb WHERE EMPNAME = CITY OR EMPNAME IS NULL ORDER BY PNUM;",""
"0804","SELECT SUM(NULLIF(NULLIF(SALARY,10000),20000)) FROM STAFFb;",""
"0813","SELECT COUNT(*) FROM   STAFF WHERE  'Equal_literal' NOT LIKE 'Eq_alS_literal%' ESCAPE 'S';",""
"0814","SELECT COUNT(*) FROM   STAFF WHERE  USER LIKE 'CTS1%';",""
"0816","SELECT COUNT(*) FROM   STAFF WHERE  EMPNAME LIKE CITY ESCAPE 'S';",""
"0835","SELECT  COUNT(*) FROM TEST6740A NATURAL FULL OUTER JOIN TEST6740B;",""
"0836","SELECT COUNT(*) FROM TEST6740A NATURAL FULL JOIN TEST6740B;",""
"0837","SELECT COUNT(*) FROM TEST6740A NATURAL FULL OUTER JOIN TEST6740B;",""
"0838","SELECT COUNT(*) FROM TEST6740B NATURAL FULL JOIN TEST6740A;",""
"0839","SELECT * FROM TEST6840A FULL OUTER JOIN TEST6840B ON NUM_A = NUM_B ORDER BY NUM_A;",""
"0840","SELECT * FROM TEST6840A FULL JOIN TEST6840B ON CH_A = CH_B ORDER BY NUM_A;",""
"0845","SELECT * FROM (TEST6840B FULL JOIN TEST6840A CN1 ON TEST6840B.CH_B = CN1.CH_A) FULL JOIN TEST6840A CN2 ON TEST6840B.NUM_B = CN2.NUM_A ORDER BY TEST6840B.NUM_B, CN1.NUM_A;",""
"0846","SELECT COUNT(*) FROM TAB734 WHERE CSTR1 = CSTR2;",""
"0847","SELECT COUNT(CSTR1) FROM TAB734 WHERE CSTR1 <> N' * ';",""
"0848","SELECT COUNT(CSTR2) FROM TAB734 WHERE N'++++' <> CSTR2 ;",""
"0849","SELECT C1,C2 FROM CTS1.TAB735 ORDER BY C1;",""
"0854","SELECT EMPNAME, NULLIF (SALARY,HOURS) FROM CTS1.STAFFb WHERE SEX = 'M' AND PNUM NOT IN ('P1','P2','P3','P6','P8') AND (SALARY <> HOURS OR SALARY IS NULL OR HOURS IS NULL) ORDER BY PNUM;",""
"0855","SELECT NULLIF (EMPNAME,CITY), SALARY FROM CTS1.STAFFb WHERE SEX = 'M' AND PNUM NOT IN ('P1','P2','P3','P5','P7') AND (EMPNAME <> CITY OR EMPNAME IS NULL OR CITY IS NULL) ORDER BY PNUM;",""
"0894","SELECT * FROM STAFF1 NATURAL FULL OUTER JOIN STAFFA ORDER BY EMPNUM, EMPNAME, GRADE, PNUM;",""
"0896","SELECT GRADE, COUNT (*) AS CC, EMPNUM FROM TA FULL OUTER JOIN TB ON GRADE > PNUM AND EMPNUM = DEPTNO WHERE GRADE IS NOT NULL GROUP BY GRADE, EMPNUM ORDER BY CC DESC, GRADE;",""
"0900","SELECT COUNT (*) FROM TX WHERE TX2 || TX3 IS NOT NULL;",""
"0901","SELECT TX1 FROM TX WHERE TX3 || TX2 IS NULL;",""
"0904","SELECT COUNT(*) FROM HU.STAFF WHERE CASE GRADE WHEN 10 THEN 12 WHEN 13 THEN 12 END = 12;",""
"0916","SELECT EMPNUM, CITY, SALARY FROM HU.STAFF3 FULL OUTER JOIN STAFF66 USING (EMPNUM) ORDER BY EMPNUM;",""
"0934","SELECT COL5,COL6,COL11,COL3,COL4,COL7,COL8 FROM T12 ORDER BY COL7,COL8,COL3,COL4,COL6,COL5 DESC;","**"
"0936","SELECT COL3,COL11,COL9,COL8,COL7,COL5,COL4 FROM T12 ORDER BY COL9,COL8,COL7,COL5,COL4,COL3;","**"
"0958","SELECT COUNT(*) FROM II WHERE DOUBLETEST > 0.1073741822 AND DOUBLETEST < 0.1073741824;","**"
"0960","SELECT COUNT(*) FROM II WHERE DOUBLETEST > -0.1073741824 AND DOUBLETEST < -0.1073741822;","**"
"0995","SELECT COUNT(*) FROM CONTACTS WHERE DESCRIPTION = 'Harry works in the Redundancy Automation Division of the ' || 'Materials ' || 'Blasting Laboratory in the National Cattle Acceleration ' || 'Project of ' || 'lower Michigan.  His job is to document the trajectory of ' || 'cattle and ' || 'correlate the loft and acceleration versus the quality of ' || 'materials ' || 'used in the trebuchet.  He served ten years as the ' || 'vice-president in ' || 'charge of marketing in the now defunct milk trust of the ' || 'Pennsylvania ' || 'Coalition of All Things Bovine.  Prior to that he ' || 'established himself ' || 'as a world-class graffiti artist and source of all good ' || 'bits related ' || 'to channel dredging in poor weather.  He is author of over ' || 'ten thousand ' || 'paperback novels, including such titles as "How Many ' || 'Pumpkins will Fit ' || 'on the Head of a Pin," "A Whole Bunch of Useless Things ' || 'that you Don''t ' || 'Want to Know," and "How to Lift Heavy Things Over your ' || 'Head without ' || 'Hurting Yourself or Dropping Them."  He attends ANSI and ' || 'ISO standards ' || 'meetings in his copious free time and funds the development ' || 'of test ' || 'suites with his pocket change.' AND KEYWORDS = 'aardvark albatross nutmeg redundancy ' || 'automation materials blasting ' || 'cattle acceleration trebuchet catapult ' || 'loft coffee java sendmail SMTP ' || 'FTP HTTP censorship expletive senility ' || 'extortion distortion conformity ' || 'conformance nachos chicks goslings ' || 'ducklings honk quack melatonin tie ' || 'noose circulation column default ' || 'ionic doric chlorine guanine Guam ' || 'invasions rubicon helmet plastics ' || 'recycle HDPE nylon ceramics plumbing ' || 'parachute zeppelin carbon hydrogen ' || 'vinegar sludge asphalt adhesives ' || 'tensile magnetic Ellesmere Greenland ' || 'Knud Rasmussen precession ' || 'navigation positioning orbit altitude ' || 'resistance radiation levitation ' || 'yoga demiurge election violence ' || 'collapsed fusion cryogenics gravity ' || 'sincerity idiocy budget accounting ' || 'auditing titanium torque pressure ' || 'fragile hernia muffler cartilage ' || 'graphics deblurring headache eyestrain ' || 'interlace bandwidth resolution ' || 'determination steroids barrel oak wine ' || 'ferment yeast brewing bock siphon ' || 'clarity impurities SQL RBAC data ' || 'warehouse security integrity feedback';",""
"0997","SELECT COUNT(*) FROM CONTACTS WHERE DESCRIPTION = 'Harry works in the Redundancy Automation Division of the ' || 'Materials ' || 'Blasting Laboratory in the National Cattle Acceleration ' || 'Project of ' || 'lower Michigan.  His job is to document the trajectory of ' || 'cattle and ' || 'correlate the loft and acceleration versus the quality of ' || 'materials ' || 'used in the trebuchet.  He served ten years as the ' || 'vice-president in ' || 'charge of marketing in the now defunct milk trust of the ' || 'Pennsylvania ' || 'Coalition of All Things Bovine.  Prior to that he ' || 'established himself ' || 'as a world-class graffiti artist and source of all good ' || 'bits related ' || 'to channel dredging in poor weather.  He is author of over ' || 'ten thousand ' || 'paperback novels, including such titles as "How Many ' || 'Pumpkins will Fit ' || 'on the Head of a Pin," "A Whole Bunch of Useless Things ' || 'that you Don''t ' || 'Want to Know," and "How to Lift Heavy Things Over your ' || 'Head without ' || 'Hurting Yourself or Dropping Them."  He attends ANSI and ' || 'ISO standards ' || 'meetings in his copious free time and funds the development ' || 'of test ' || 'suites with his pocket change.' AND KEYWORDS = 'aardvark albatross nutmeg redundancy ' || 'automation materials blasting ' || 'cattle acceleration trebuchet catapult ' || 'loft coffee java sendmail SMTP ' || 'FTP HTTP censorship expletive senility ' || 'extortion distortion conformity ' || 'conformance nachos chicks goslings ' || 'ducklings honk quack melatonin tie ' || 'noose circulation column default ' || 'ionic doric chlorine guanine Guam ' || 'invasions rubicon helmet plastics ' || 'recycle HDPE nylon ceramics plumbing ' || 'parachute zeppelin carbon hydrogen ' || 'vinegar sludge asphalt adhesives ' || 'tensile magnetic Ellesmere Greenland ' || 'Knud Rasmussen precession ' || 'navigation positioning orbit altitude ' || 'resistance radiation levitation ' || 'yoga demiurge election violence ' || 'collapsed fusion cryogenics gravity ' || 'sincerity idiocy budget accounting ' || 'auditing titanium torque pressure ' || 'fragile hernia muffler cartilage ' || 'graphics deblurring headache eyestrain ' || 'interlace bandwidth resolution ' || 'determination steroids barrel oak wine ' || 'ferment yeast brewing bock siphon ' || 'clarity impurities SQL RBAC data ' || 'warehouse security integrity feedback';",""
"0999","SELECT COUNT(*) FROM CONTACTS WHERE DESCRIPTION = N'Harry works in the Redundancy Automation Division of the ' || 'Materials ' || 'Blasting Laboratory in the National Cattle Acceleration ' || 'Project of ' || 'lower Michigan.  His job is to document the trajectory of ' || 'cattle and ' || 'correlate the loft and acceleration versus the quality of ' || 'materials ' || 'used in the trebuchet.  He served ten years as the ' || 'vice-president in ' || 'charge of marketing in the now defunct milk trust of the ' || 'Pennsylvania ' || 'Coalition of All Things Bovine.  Prior to that he ' || 'established himself ' || 'as a world-class gra' AND KEYWORDS = N'aardvark albatross nutmeg redundancy ' || 'automation materials blasting ' || 'cattle acceleration trebuchet catapult ' || 'loft coffee java sendmail SMTP ' || 'FTP HTTP censorship expletive senility ' || 'extortion distortion conformity ' || 'conformance nachos chicks goslings ' || 'ducklings honk quack melatonin tie ' || 'noose circulation column default ' || 'ionic doric chlorine guanine Guam ' || 'invasions rubicon helmet plastics ' || 'recycle HDPE nylon ceramics plumbing ' || 'parachute zeppelin carbon hydrogen ' || 'vinegar sludge asphalt adhesives ' || 'tensile magnetic';",""
"1001","SELECT COUNT(*) FROM CONTACTS WHERE DESCRIPTION = N'Harry works in the Redundancy Automation Division of the ' || 'Materials ' || 'Blasting Laboratory in the National Cattle Acceleration ' || 'Project of ' || 'lower Michigan.  His job is to document the trajectory of ' || 'cattle and ' || 'correlate the loft and acceleration versus the quality of ' || 'materials ' || 'used in the trebuchet.  He served ten years as the ' || 'vice-president in ' || 'charge of marketing in the now defunct milk trust of the ' || 'Pennsylvania ' || 'Coalition of All Things Bovine.  Prior to that he ' || 'established himself ' || 'as a world-class gra' AND KEYWORDS = N'aardvark albatross nutmeg redundancy ' || 'automation materials blasting ' || 'cattle acceleration trebuchet catapult ' || 'loft coffee java sendmail SMTP ' || 'FTP HTTP censorship expletive senility ' || 'extortion distortion conformity ' || 'conformance nachos chicks goslings ' || 'ducklings honk quack melatonin tie ' || 'noose circulation column default ' || 'ionic doric chlorine guanine Guam ' || 'invasions rubicon helmet plastics ' || 'recycle HDPE nylon ceramics plumbing ' || 'parachute zeppelin carbon hydrogen ' || 'vinegar sludge asphalt adhesives ' || 'tensile magnetic';",""
"1021","SELECT EMPNUM, CASE GRADE WHEN 0 THEN 1000 WHEN 1 THEN 997 WHEN 2 THEN 994 WHEN 3 THEN 991 WHEN 4 THEN 988 WHEN 5 THEN 985 WHEN 6 THEN 982 WHEN 7 THEN 979 WHEN 8 THEN 976 WHEN 9 THEN 973 WHEN 10 THEN 970 WHEN 11 THEN 967 WHEN 12 THEN 964 WHEN 13 THEN 961 WHEN 14 THEN 958 WHEN 15 THEN 955 WHEN 16 THEN 952 WHEN 17 THEN 949 WHEN 18 THEN 946 WHEN 19 THEN 943 WHEN 20 THEN 940 WHEN 21 THEN 937 WHEN 22 THEN 934 WHEN 23 THEN 931 WHEN 24 THEN 928 WHEN 25 THEN 925 WHEN 26 THEN 922 WHEN 27 THEN 919 WHEN 28 THEN 916 WHEN 29 THEN 913 WHEN 30 THEN 910 WHEN 31 THEN 907 WHEN 32 THEN 904 WHEN 33 THEN 901 WHEN 34 THEN 898 WHEN 35 THEN 895 WHEN 36 THEN 892 WHEN 37 THEN 889 WHEN 38 THEN 886 WHEN 39 THEN 883 WHEN 40 THEN 880 WHEN 41 THEN 877 WHEN 42 THEN 874 WHEN 43 THEN 871 WHEN 44 THEN 868 WHEN 45 THEN 865 WHEN 46 THEN 862 WHEN 47 THEN 859 WHEN 48 THEN 856 WHEN 49 THEN 853 END FROM HU.STAFF WHERE EMPNAME = 'Betty';",""
"1029","SELECT * FROM AA ORDER BY CHARTEST;","**"
